<?xml version="1.0" encoding="UTF-8"?>
<testng-results ignored="0" total="16" passed="14" failed="2" skipped="0">
  <reporter-output>
  </reporter-output>
  <suite started-at="2026-04-28T11:25:32 IST" name="Default suite" finished-at="2026-04-28T11:25:41 IST" duration-ms="9186">
    <groups>
      <group name="cucumber">
        <method signature="AbstractTestNGCucumberTests.runScenario(io.cucumber.testng.PickleWrapper,io.cucumber.testng.FeatureWrapper)[pri:0, instance:Runner.TestRunner@3b69e7d1]" name="runScenario" class="io.cucumber.testng.AbstractTestNGCucumberTests"/>
      </group> <!-- cucumber -->
    </groups>
    <test started-at="2026-04-28T11:25:32 IST" name="Default test" finished-at="2026-04-28T11:25:41 IST" duration-ms="9186">
      <class name="Runner.TestRunner">
        <test-method is-config="true" signature="setUpClass(org.testng.ITestContext)[pri:0, instance:Runner.TestRunner@3b69e7d1]" started-at="2026-04-28T11:25:32 IST" name="setUpClass" finished-at="2026-04-28T11:25:33 IST" duration-ms="569" status="PASS">
          <params>
            <param index="0">
              <value>
                <![CDATA[org.testng.TestRunner@706c062e]]>
              </value>
            </param>
          </params>
          <reporter-output>
          </reporter-output>
        </test-method> <!-- setUpClass -->
        <test-method signature="runScenario(io.cucumber.testng.PickleWrapper,io.cucumber.testng.FeatureWrapper)[pri:0, instance:Runner.TestRunner@3b69e7d1]" started-at="2026-04-28T11:25:33 IST" name="runScenario" description="Runs Cucumber Scenarios" data-provider="scenarios" finished-at="2026-04-28T11:25:35 IST" duration-ms="1984" status="PASS">
          <params>
            <param index="0">
              <value>
                <![CDATA["Validate POST Carts API"]]>
              </value>
            </param>
            <param index="1">
              <value>
                <![CDATA["Carts API Automation"]]>
              </value>
            </param>
          </params>
          <reporter-output>
          </reporter-output>
        </test-method> <!-- runScenario -->
        <test-method signature="runScenario(io.cucumber.testng.PickleWrapper,io.cucumber.testng.FeatureWrapper)[pri:0, instance:Runner.TestRunner@3b69e7d1]" started-at="2026-04-28T11:25:35 IST" name="runScenario" description="Runs Cucumber Scenarios" data-provider="scenarios" finished-at="2026-04-28T11:25:35 IST" duration-ms="429" status="PASS">
          <params>
            <param index="0">
              <value>
                <![CDATA["Validate POST Carts API"]]>
              </value>
            </param>
            <param index="1">
              <value>
                <![CDATA["Carts API Automation"]]>
              </value>
            </param>
          </params>
          <reporter-output>
          </reporter-output>
        </test-method> <!-- runScenario -->
        <test-method signature="runScenario(io.cucumber.testng.PickleWrapper,io.cucumber.testng.FeatureWrapper)[pri:0, instance:Runner.TestRunner@3b69e7d1]" started-at="2026-04-28T11:25:35 IST" name="runScenario" description="Runs Cucumber Scenarios" data-provider="scenarios" finished-at="2026-04-28T11:25:36 IST" duration-ms="404" status="PASS">
          <params>
            <param index="0">
              <value>
                <![CDATA["Validate POST Carts API"]]>
              </value>
            </param>
            <param index="1">
              <value>
                <![CDATA["Carts API Automation"]]>
              </value>
            </param>
          </params>
          <reporter-output>
          </reporter-output>
        </test-method> <!-- runScenario -->
        <test-method signature="runScenario(io.cucumber.testng.PickleWrapper,io.cucumber.testng.FeatureWrapper)[pri:0, instance:Runner.TestRunner@3b69e7d1]" started-at="2026-04-28T11:25:36 IST" name="runScenario" description="Runs Cucumber Scenarios" data-provider="scenarios" finished-at="2026-04-28T11:25:36 IST" duration-ms="374" status="PASS">
          <params>
            <param index="0">
              <value>
                <![CDATA["Validate POST Carts API"]]>
              </value>
            </param>
            <param index="1">
              <value>
                <![CDATA["Carts API Automation"]]>
              </value>
            </param>
          </params>
          <reporter-output>
          </reporter-output>
        </test-method> <!-- runScenario -->
        <test-method signature="runScenario(io.cucumber.testng.PickleWrapper,io.cucumber.testng.FeatureWrapper)[pri:0, instance:Runner.TestRunner@3b69e7d1]" started-at="2026-04-28T11:25:36 IST" name="runScenario" description="Runs Cucumber Scenarios" data-provider="scenarios" finished-at="2026-04-28T11:25:37 IST" duration-ms="619" status="PASS">
          <params>
            <param index="0">
              <value>
                <![CDATA["Validate GET Carts APIs"]]>
              </value>
            </param>
            <param index="1">
              <value>
                <![CDATA["Carts API Automation"]]>
              </value>
            </param>
          </params>
          <reporter-output>
          </reporter-output>
        </test-method> <!-- runScenario -->
        <test-method signature="runScenario(io.cucumber.testng.PickleWrapper,io.cucumber.testng.FeatureWrapper)[pri:0, instance:Runner.TestRunner@3b69e7d1]" started-at="2026-04-28T11:25:37 IST" name="runScenario" description="Runs Cucumber Scenarios" data-provider="scenarios" finished-at="2026-04-28T11:25:37 IST" duration-ms="349" status="PASS">
          <params>
            <param index="0">
              <value>
                <![CDATA["Validate GET Carts APIs"]]>
              </value>
            </param>
            <param index="1">
              <value>
                <![CDATA["Carts API Automation"]]>
              </value>
            </param>
          </params>
          <reporter-output>
          </reporter-output>
        </test-method> <!-- runScenario -->
        <test-method signature="runScenario(io.cucumber.testng.PickleWrapper,io.cucumber.testng.FeatureWrapper)[pri:0, instance:Runner.TestRunner@3b69e7d1]" started-at="2026-04-28T11:25:37 IST" name="runScenario" description="Runs Cucumber Scenarios" data-provider="scenarios" finished-at="2026-04-28T11:25:37 IST" duration-ms="332" status="PASS">
          <params>
            <param index="0">
              <value>
                <![CDATA["Validate GET Carts APIs"]]>
              </value>
            </param>
            <param index="1">
              <value>
                <![CDATA["Carts API Automation"]]>
              </value>
            </param>
          </params>
          <reporter-output>
          </reporter-output>
        </test-method> <!-- runScenario -->
        <test-method signature="runScenario(io.cucumber.testng.PickleWrapper,io.cucumber.testng.FeatureWrapper)[pri:0, instance:Runner.TestRunner@3b69e7d1]" started-at="2026-04-28T11:25:37 IST" name="runScenario" description="Runs Cucumber Scenarios" data-provider="scenarios" finished-at="2026-04-28T11:25:38 IST" duration-ms="579" status="FAIL">
          <params>
            <param index="0">
              <value>
                <![CDATA["Validate GET Carts APIs"]]>
              </value>
            </param>
            <param index="1">
              <value>
                <![CDATA["Carts API Automation"]]>
              </value>
            </param>
          </params>
          <exception class="java.lang.AssertionError">
            <message>
              <![CDATA[expected [404] but found [200]]]>
            </message>
            <full-stacktrace>
              <![CDATA[java.lang.AssertionError: expected [404] but found [200]
at org.testng.Assert.fail(Assert.java:111)
at org.testng.Assert.failNotEquals(Assert.java:1578)
at org.testng.Assert.assertEqualsImpl(Assert.java:150)
at org.testng.Assert.assertEquals(Assert.java:132)
at org.testng.Assert.assertEquals(Assert.java:1419)
at org.testng.Assert.assertEquals(Assert.java:1383)
at org.testng.Assert.assertEquals(Assert.java:1429)
at stepdefinitions.CartStepDefinition.validateStatus(CartStepDefinition.java:87)
at ✽.I validate carts status "404"(file:///C:/Users/ADMIN/git/Dummy_Json_data/src/test/resources/features/Cart.feature:24)
]]>
            </full-stacktrace>
          </exception> <!-- java.lang.AssertionError -->
          <reporter-output>
          </reporter-output>
        </test-method> <!-- runScenario -->
        <test-method signature="runScenario(io.cucumber.testng.PickleWrapper,io.cucumber.testng.FeatureWrapper)[pri:0, instance:Runner.TestRunner@3b69e7d1]" started-at="2026-04-28T11:25:38 IST" name="runScenario" description="Runs Cucumber Scenarios" data-provider="scenarios" finished-at="2026-04-28T11:25:39 IST" duration-ms="878" status="PASS">
          <params>
            <param index="0">
              <value>
                <![CDATA["Validate Carts Response Structure"]]>
              </value>
            </param>
            <param index="1">
              <value>
                <![CDATA["Carts API Automation"]]>
              </value>
            </param>
          </params>
          <reporter-output>
          </reporter-output>
        </test-method> <!-- runScenario -->
        <test-method signature="runScenario(io.cucumber.testng.PickleWrapper,io.cucumber.testng.FeatureWrapper)[pri:0, instance:Runner.TestRunner@3b69e7d1]" started-at="2026-04-28T11:25:39 IST" name="runScenario" description="Runs Cucumber Scenarios" data-provider="scenarios" finished-at="2026-04-28T11:25:39 IST" duration-ms="335" status="PASS">
          <params>
            <param index="0">
              <value>
                <![CDATA["Update Cart using Data Table"]]>
              </value>
            </param>
            <param index="1">
              <value>
                <![CDATA["Carts API Automation"]]>
              </value>
            </param>
          </params>
          <reporter-output>
          </reporter-output>
        </test-method> <!-- runScenario -->
        <test-method signature="runScenario(io.cucumber.testng.PickleWrapper,io.cucumber.testng.FeatureWrapper)[pri:0, instance:Runner.TestRunner@3b69e7d1]" started-at="2026-04-28T11:25:39 IST" name="runScenario" description="Runs Cucumber Scenarios" data-provider="scenarios" finished-at="2026-04-28T11:25:39 IST" duration-ms="324" status="FAIL">
          <params>
            <param index="0">
              <value>
                <![CDATA["Update Cart with Invalid Data"]]>
              </value>
            </param>
            <param index="1">
              <value>
                <![CDATA["Carts API Automation"]]>
              </value>
            </param>
          </params>
          <exception class="java.lang.AssertionError">
            <message>
              <![CDATA[expected [400] but found [200]]]>
            </message>
            <full-stacktrace>
              <![CDATA[java.lang.AssertionError: expected [400] but found [200]
at org.testng.Assert.fail(Assert.java:111)
at org.testng.Assert.failNotEquals(Assert.java:1578)
at org.testng.Assert.assertEqualsImpl(Assert.java:150)
at org.testng.Assert.assertEquals(Assert.java:132)
at org.testng.Assert.assertEquals(Assert.java:1419)
at org.testng.Assert.assertEquals(Assert.java:1383)
at org.testng.Assert.assertEquals(Assert.java:1429)
at stepdefinitions.CartStepDefinition.validateStatus(CartStepDefinition.java:87)
at ✽.I validate carts status "400"(file:///C:/Users/ADMIN/git/Dummy_Json_data/src/test/resources/features/Cart.feature:60)
]]>
            </full-stacktrace>
          </exception> <!-- java.lang.AssertionError -->
          <reporter-output>
          </reporter-output>
        </test-method> <!-- runScenario -->
        <test-method signature="runScenario(io.cucumber.testng.PickleWrapper,io.cucumber.testng.FeatureWrapper)[pri:0, instance:Runner.TestRunner@3b69e7d1]" started-at="2026-04-28T11:25:39 IST" name="runScenario" description="Runs Cucumber Scenarios" data-provider="scenarios" finished-at="2026-04-28T11:25:40 IST" duration-ms="335" status="PASS">
          <params>
            <param index="0">
              <value>
                <![CDATA["Delete Cart API"]]>
              </value>
            </param>
            <param index="1">
              <value>
                <![CDATA["Carts API Automation"]]>
              </value>
            </param>
          </params>
          <reporter-output>
          </reporter-output>
        </test-method> <!-- runScenario -->
        <test-method signature="runScenario(io.cucumber.testng.PickleWrapper,io.cucumber.testng.FeatureWrapper)[pri:0, instance:Runner.TestRunner@3b69e7d1]" started-at="2026-04-28T11:25:40 IST" name="runScenario" description="Runs Cucumber Scenarios" data-provider="scenarios" finished-at="2026-04-28T11:25:40 IST" duration-ms="337" status="PASS">
          <params>
            <param index="0">
              <value>
                <![CDATA["Delete Cart API"]]>
              </value>
            </param>
            <param index="1">
              <value>
                <![CDATA["Carts API Automation"]]>
              </value>
            </param>
          </params>
          <reporter-output>
          </reporter-output>
        </test-method> <!-- runScenario -->
        <test-method signature="runScenario(io.cucumber.testng.PickleWrapper,io.cucumber.testng.FeatureWrapper)[pri:0, instance:Runner.TestRunner@3b69e7d1]" started-at="2026-04-28T11:25:40 IST" name="runScenario" description="Runs Cucumber Scenarios" data-provider="scenarios" finished-at="2026-04-28T11:25:40 IST" duration-ms="381" status="PASS">
          <params>
            <param index="0">
              <value>
                <![CDATA["Delete Cart API"]]>
              </value>
            </param>
            <param index="1">
              <value>
                <![CDATA["Carts API Automation"]]>
              </value>
            </param>
          </params>
          <reporter-output>
          </reporter-output>
        </test-method> <!-- runScenario -->
        <test-method signature="runScenario(io.cucumber.testng.PickleWrapper,io.cucumber.testng.FeatureWrapper)[pri:0, instance:Runner.TestRunner@3b69e7d1]" started-at="2026-04-28T11:25:40 IST" name="runScenario" description="Runs Cucumber Scenarios" data-provider="scenarios" finished-at="2026-04-28T11:25:41 IST" duration-ms="334" status="PASS">
          <params>
            <param index="0">
              <value>
                <![CDATA["Delete Cart API"]]>
              </value>
            </param>
            <param index="1">
              <value>
                <![CDATA["Carts API Automation"]]>
              </value>
            </param>
          </params>
          <reporter-output>
          </reporter-output>
        </test-method> <!-- runScenario -->
        <test-method signature="runScenario(io.cucumber.testng.PickleWrapper,io.cucumber.testng.FeatureWrapper)[pri:0, instance:Runner.TestRunner@3b69e7d1]" started-at="2026-04-28T11:25:41 IST" name="runScenario" description="Runs Cucumber Scenarios" data-provider="scenarios" finished-at="2026-04-28T11:25:41 IST" duration-ms="350" status="PASS">
          <params>
            <param index="0">
              <value>
                <![CDATA["Validate Delete Cart Response Fields"]]>
              </value>
            </param>
            <param index="1">
              <value>
                <![CDATA["Carts API Automation"]]>
              </value>
            </param>
          </params>
          <reporter-output>
          </reporter-output>
        </test-method> <!-- runScenario -->
        <test-method is-config="true" signature="tearDownClass()[pri:0, instance:Runner.TestRunner@3b69e7d1]" started-at="2026-04-28T11:25:41 IST" name="tearDownClass" finished-at="2026-04-28T11:25:41 IST" duration-ms="215" status="PASS">
          <reporter-output>
          </reporter-output>
        </test-method> <!-- tearDownClass -->
      </class> <!-- Runner.TestRunner -->
    </test> <!-- Default test -->
  </suite> <!-- Default suite -->
</testng-results>
