<?xml version="1.0" encoding="UTF-8"?>
<testng-results ignored="0" total="15" passed="12" failed="3" skipped="0">
  <reporter-output>
  </reporter-output>
  <suite started-at="2026-04-28T11:35:01 IST" name="Default suite" finished-at="2026-04-28T11:35:11 IST" duration-ms="10663">
    <groups>
      <group name="cucumber">
        <method signature="AbstractTestNGCucumberTests.runScenario(io.cucumber.testng.PickleWrapper,io.cucumber.testng.FeatureWrapper)[pri:0, instance:Runner.TestRunner@3b69e7d1]" name="runScenario" class="io.cucumber.testng.AbstractTestNGCucumberTests"/>
      </group> <!-- cucumber -->
    </groups>
    <test started-at="2026-04-28T11:35:01 IST" name="Default test" finished-at="2026-04-28T11:35:11 IST" duration-ms="10663">
      <class name="Runner.TestRunner">
        <test-method is-config="true" signature="setUpClass(org.testng.ITestContext)[pri:0, instance:Runner.TestRunner@3b69e7d1]" started-at="2026-04-28T11:35:01 IST" name="setUpClass" finished-at="2026-04-28T11:35:02 IST" duration-ms="722" status="PASS">
          <params>
            <param index="0">
              <value>
                <![CDATA[org.testng.TestRunner@546c30c2]]>
              </value>
            </param>
          </params>
          <reporter-output>
          </reporter-output>
        </test-method> <!-- setUpClass -->
        <test-method signature="runScenario(io.cucumber.testng.PickleWrapper,io.cucumber.testng.FeatureWrapper)[pri:0, instance:Runner.TestRunner@3b69e7d1]" started-at="2026-04-28T11:35:02 IST" name="runScenario" description="Runs Cucumber Scenarios" data-provider="scenarios" finished-at="2026-04-28T11:35:04 IST" duration-ms="2670" status="PASS">
          <params>
            <param index="0">
              <value>
                <![CDATA["Validate POST Products API"]]>
              </value>
            </param>
            <param index="1">
              <value>
                <![CDATA["Products API Automation"]]>
              </value>
            </param>
          </params>
          <reporter-output>
          </reporter-output>
        </test-method> <!-- runScenario -->
        <test-method signature="runScenario(io.cucumber.testng.PickleWrapper,io.cucumber.testng.FeatureWrapper)[pri:0, instance:Runner.TestRunner@3b69e7d1]" started-at="2026-04-28T11:35:04 IST" name="runScenario" description="Runs Cucumber Scenarios" data-provider="scenarios" finished-at="2026-04-28T11:35:05 IST" duration-ms="391" status="PASS">
          <params>
            <param index="0">
              <value>
                <![CDATA["Validate POST Products API"]]>
              </value>
            </param>
            <param index="1">
              <value>
                <![CDATA["Products API Automation"]]>
              </value>
            </param>
          </params>
          <reporter-output>
          </reporter-output>
        </test-method> <!-- runScenario -->
        <test-method signature="runScenario(io.cucumber.testng.PickleWrapper,io.cucumber.testng.FeatureWrapper)[pri:0, instance:Runner.TestRunner@3b69e7d1]" started-at="2026-04-28T11:35:05 IST" name="runScenario" description="Runs Cucumber Scenarios" data-provider="scenarios" finished-at="2026-04-28T11:35:06 IST" duration-ms="1053" status="FAIL">
          <params>
            <param index="0">
              <value>
                <![CDATA["Validate POST Products API"]]>
              </value>
            </param>
            <param index="1">
              <value>
                <![CDATA["Products API Automation"]]>
              </value>
            </param>
          </params>
          <exception class="java.lang.AssertionError">
            <message>
              <![CDATA[expected [400] but found [201]]]>
            </message>
            <full-stacktrace>
              <![CDATA[java.lang.AssertionError: expected [400] but found [201]
at org.testng.Assert.fail(Assert.java:111)
at org.testng.Assert.failNotEquals(Assert.java:1578)
at org.testng.Assert.assertEqualsImpl(Assert.java:150)
at org.testng.Assert.assertEquals(Assert.java:132)
at org.testng.Assert.assertEquals(Assert.java:1419)
at org.testng.Assert.assertEquals(Assert.java:1383)
at org.testng.Assert.assertEquals(Assert.java:1429)
at stepdefinitions.ProductStepDefinition.validateProductsResult(ProductStepDefinition.java:59)
at ✽.I validate products expected result(file:///C:/Users/priya/git/Dummy_Json_data/src/test/resources/features/Product.feature:11)
]]>
            </full-stacktrace>
          </exception> <!-- java.lang.AssertionError -->
          <reporter-output>
          </reporter-output>
        </test-method> <!-- runScenario -->
        <test-method signature="runScenario(io.cucumber.testng.PickleWrapper,io.cucumber.testng.FeatureWrapper)[pri:0, instance:Runner.TestRunner@3b69e7d1]" started-at="2026-04-28T11:35:06 IST" name="runScenario" description="Runs Cucumber Scenarios" data-provider="scenarios" finished-at="2026-04-28T11:35:06 IST" duration-ms="394" status="FAIL">
          <params>
            <param index="0">
              <value>
                <![CDATA["Validate POST Products API"]]>
              </value>
            </param>
            <param index="1">
              <value>
                <![CDATA["Products API Automation"]]>
              </value>
            </param>
          </params>
          <exception class="java.lang.AssertionError">
            <message>
              <![CDATA[expected [400] but found [201]]]>
            </message>
            <full-stacktrace>
              <![CDATA[java.lang.AssertionError: expected [400] but found [201]
at org.testng.Assert.fail(Assert.java:111)
at org.testng.Assert.failNotEquals(Assert.java:1578)
at org.testng.Assert.assertEqualsImpl(Assert.java:150)
at org.testng.Assert.assertEquals(Assert.java:132)
at org.testng.Assert.assertEquals(Assert.java:1419)
at org.testng.Assert.assertEquals(Assert.java:1383)
at org.testng.Assert.assertEquals(Assert.java:1429)
at stepdefinitions.ProductStepDefinition.validateProductsResult(ProductStepDefinition.java:59)
at ✽.I validate products expected result(file:///C:/Users/priya/git/Dummy_Json_data/src/test/resources/features/Product.feature:11)
]]>
            </full-stacktrace>
          </exception> <!-- java.lang.AssertionError -->
          <reporter-output>
          </reporter-output>
        </test-method> <!-- runScenario -->
        <test-method signature="runScenario(io.cucumber.testng.PickleWrapper,io.cucumber.testng.FeatureWrapper)[pri:0, instance:Runner.TestRunner@3b69e7d1]" started-at="2026-04-28T11:35:06 IST" name="runScenario" description="Runs Cucumber Scenarios" data-provider="scenarios" finished-at="2026-04-28T11:35:06 IST" duration-ms="184" status="PASS">
          <params>
            <param index="0">
              <value>
                <![CDATA["Validate GET Products APIs"]]>
              </value>
            </param>
            <param index="1">
              <value>
                <![CDATA["Products API Automation"]]>
              </value>
            </param>
          </params>
          <reporter-output>
          </reporter-output>
        </test-method> <!-- runScenario -->
        <test-method signature="runScenario(io.cucumber.testng.PickleWrapper,io.cucumber.testng.FeatureWrapper)[pri:0, instance:Runner.TestRunner@3b69e7d1]" started-at="2026-04-28T11:35:06 IST" name="runScenario" description="Runs Cucumber Scenarios" data-provider="scenarios" finished-at="2026-04-28T11:35:07 IST" duration-ms="340" status="PASS">
          <params>
            <param index="0">
              <value>
                <![CDATA["Validate GET Products APIs"]]>
              </value>
            </param>
            <param index="1">
              <value>
                <![CDATA["Products API Automation"]]>
              </value>
            </param>
          </params>
          <reporter-output>
          </reporter-output>
        </test-method> <!-- runScenario -->
        <test-method signature="runScenario(io.cucumber.testng.PickleWrapper,io.cucumber.testng.FeatureWrapper)[pri:0, instance:Runner.TestRunner@3b69e7d1]" started-at="2026-04-28T11:35:07 IST" name="runScenario" description="Runs Cucumber Scenarios" data-provider="scenarios" finished-at="2026-04-28T11:35:07 IST" duration-ms="178" status="PASS">
          <params>
            <param index="0">
              <value>
                <![CDATA["Validate GET Single Product APIs"]]>
              </value>
            </param>
            <param index="1">
              <value>
                <![CDATA["Products API Automation"]]>
              </value>
            </param>
          </params>
          <reporter-output>
          </reporter-output>
        </test-method> <!-- runScenario -->
        <test-method signature="runScenario(io.cucumber.testng.PickleWrapper,io.cucumber.testng.FeatureWrapper)[pri:0, instance:Runner.TestRunner@3b69e7d1]" started-at="2026-04-28T11:35:07 IST" name="runScenario" description="Runs Cucumber Scenarios" data-provider="scenarios" finished-at="2026-04-28T11:35:07 IST" duration-ms="346" status="PASS">
          <params>
            <param index="0">
              <value>
                <![CDATA["Validate GET Single Product APIs"]]>
              </value>
            </param>
            <param index="1">
              <value>
                <![CDATA["Products API Automation"]]>
              </value>
            </param>
          </params>
          <reporter-output>
          </reporter-output>
        </test-method> <!-- runScenario -->
        <test-method signature="runScenario(io.cucumber.testng.PickleWrapper,io.cucumber.testng.FeatureWrapper)[pri:0, instance:Runner.TestRunner@3b69e7d1]" started-at="2026-04-28T11:35:07 IST" name="runScenario" description="Runs Cucumber Scenarios" data-provider="scenarios" finished-at="2026-04-28T11:35:09 IST" duration-ms="2058" status="PASS">
          <params>
            <param index="0">
              <value>
                <![CDATA["Validate Products Response Structure"]]>
              </value>
            </param>
            <param index="1">
              <value>
                <![CDATA["Products API Automation"]]>
              </value>
            </param>
          </params>
          <reporter-output>
          </reporter-output>
        </test-method> <!-- runScenario -->
        <test-method signature="runScenario(io.cucumber.testng.PickleWrapper,io.cucumber.testng.FeatureWrapper)[pri:0, instance:Runner.TestRunner@3b69e7d1]" started-at="2026-04-28T11:35:09 IST" name="runScenario" description="Runs Cucumber Scenarios" data-provider="scenarios" finished-at="2026-04-28T11:35:10 IST" duration-ms="347" status="FAIL">
          <params>
            <param index="0">
              <value>
                <![CDATA["Update Product using Data Table"]]>
              </value>
            </param>
            <param index="1">
              <value>
                <![CDATA["Products API Automation"]]>
              </value>
            </param>
          </params>
          <exception class="java.lang.AssertionError">
            <message>
              <![CDATA[expected [400] but found [200]]]>
            </message>
            <full-stacktrace>
              <![CDATA[java.lang.AssertionError: expected [400] but found [200]
at org.testng.Assert.fail(Assert.java:111)
at org.testng.Assert.failNotEquals(Assert.java:1578)
at org.testng.Assert.assertEqualsImpl(Assert.java:150)
at org.testng.Assert.assertEquals(Assert.java:132)
at org.testng.Assert.assertEquals(Assert.java:1419)
at org.testng.Assert.assertEquals(Assert.java:1383)
at org.testng.Assert.assertEquals(Assert.java:1429)
at stepdefinitions.ProductStepDefinition.validateProductsStatus(ProductStepDefinition.java:83)
at ✽.I validate products status "400"(file:///C:/Users/priya/git/Dummy_Json_data/src/test/resources/features/Product.feature:71)
]]>
            </full-stacktrace>
          </exception> <!-- java.lang.AssertionError -->
          <reporter-output>
          </reporter-output>
        </test-method> <!-- runScenario -->
        <test-method signature="runScenario(io.cucumber.testng.PickleWrapper,io.cucumber.testng.FeatureWrapper)[pri:0, instance:Runner.TestRunner@3b69e7d1]" started-at="2026-04-28T11:35:10 IST" name="runScenario" description="Runs Cucumber Scenarios" data-provider="scenarios" finished-at="2026-04-28T11:35:10 IST" duration-ms="370" status="PASS">
          <params>
            <param index="0">
              <value>
                <![CDATA["Partial Update Product"]]>
              </value>
            </param>
            <param index="1">
              <value>
                <![CDATA["Products API Automation"]]>
              </value>
            </param>
          </params>
          <reporter-output>
          </reporter-output>
        </test-method> <!-- runScenario -->
        <test-method signature="runScenario(io.cucumber.testng.PickleWrapper,io.cucumber.testng.FeatureWrapper)[pri:0, instance:Runner.TestRunner@3b69e7d1]" started-at="2026-04-28T11:35:10 IST" name="runScenario" description="Runs Cucumber Scenarios" data-provider="scenarios" finished-at="2026-04-28T11:35:10 IST" duration-ms="333" status="PASS">
          <params>
            <param index="0">
              <value>
                <![CDATA["Update Product with Invalid ID"]]>
              </value>
            </param>
            <param index="1">
              <value>
                <![CDATA["Products API Automation"]]>
              </value>
            </param>
          </params>
          <reporter-output>
          </reporter-output>
        </test-method> <!-- runScenario -->
        <test-method signature="runScenario(io.cucumber.testng.PickleWrapper,io.cucumber.testng.FeatureWrapper)[pri:0, instance:Runner.TestRunner@3b69e7d1]" started-at="2026-04-28T11:35:10 IST" name="runScenario" description="Runs Cucumber Scenarios" data-provider="scenarios" finished-at="2026-04-28T11:35:11 IST" duration-ms="328" status="PASS">
          <params>
            <param index="0">
              <value>
                <![CDATA["Delete Product API"]]>
              </value>
            </param>
            <param index="1">
              <value>
                <![CDATA["Products API Automation"]]>
              </value>
            </param>
          </params>
          <reporter-output>
          </reporter-output>
        </test-method> <!-- runScenario -->
        <test-method signature="runScenario(io.cucumber.testng.PickleWrapper,io.cucumber.testng.FeatureWrapper)[pri:0, instance:Runner.TestRunner@3b69e7d1]" started-at="2026-04-28T11:35:11 IST" name="runScenario" description="Runs Cucumber Scenarios" data-provider="scenarios" finished-at="2026-04-28T11:35:11 IST" duration-ms="322" status="PASS">
          <params>
            <param index="0">
              <value>
                <![CDATA["Delete Product API"]]>
              </value>
            </param>
            <param index="1">
              <value>
                <![CDATA["Products API Automation"]]>
              </value>
            </param>
          </params>
          <reporter-output>
          </reporter-output>
        </test-method> <!-- runScenario -->
        <test-method signature="runScenario(io.cucumber.testng.PickleWrapper,io.cucumber.testng.FeatureWrapper)[pri:0, instance:Runner.TestRunner@3b69e7d1]" started-at="2026-04-28T11:35:11 IST" name="runScenario" description="Runs Cucumber Scenarios" data-provider="scenarios" finished-at="2026-04-28T11:35:11 IST" duration-ms="322" status="PASS">
          <params>
            <param index="0">
              <value>
                <![CDATA["Validate Delete Response Fields"]]>
              </value>
            </param>
            <param index="1">
              <value>
                <![CDATA["Products API Automation"]]>
              </value>
            </param>
          </params>
          <reporter-output>
          </reporter-output>
        </test-method> <!-- runScenario -->
        <test-method is-config="true" signature="tearDownClass()[pri:0, instance:Runner.TestRunner@3b69e7d1]" started-at="2026-04-28T11:35:11 IST" name="tearDownClass" finished-at="2026-04-28T11:35:11 IST" duration-ms="233" status="PASS">
          <reporter-output>
          </reporter-output>
        </test-method> <!-- tearDownClass -->
      </class> <!-- Runner.TestRunner -->
    </test> <!-- Default test -->
  </suite> <!-- Default suite -->
</testng-results>
