<?xml version="1.0" encoding="UTF-8"?>
<!-- Generated by org.testng.reporters.JUnitReportReporter -->
<testsuite hostname="HUSTLE-HUB" failures="2" tests="16" name="Runner.TestRunner" time="7.520" errors="0" timestamp="2026-04-27T13:21:09 IST" skipped="0">
  <testcase classname="Runner.TestRunner" name="runScenario" time="0.312"/>
  <testcase classname="Runner.TestRunner" name="runScenario" time="1.805"/>
  <testcase classname="Runner.TestRunner" name="runScenario" time="0.373"/>
  <testcase classname="Runner.TestRunner" name="runScenario" time="0.321"/>
  <testcase classname="Runner.TestRunner" name="runScenario" time="0.320"/>
  <testcase classname="Runner.TestRunner" name="runScenario" time="0.344"/>
  <testcase classname="Runner.TestRunner" name="runScenario" time="0.335">
    <failure message="expected [400] but found [200]" type="java.lang.AssertionError">
      <![CDATA[java.lang.AssertionError: expected [400] but found [200]
at org.testng.Assert.fail(Assert.java:111)
at org.testng.Assert.failNotEquals(Assert.java:1578)
at org.testng.Assert.assertEqualsImpl(Assert.java:150)
at org.testng.Assert.assertEquals(Assert.java:132)
at org.testng.Assert.assertEquals(Assert.java:1419)
at org.testng.Assert.assertEquals(Assert.java:1383)
at org.testng.Assert.assertEquals(Assert.java:1429)
at stepdefinitions.CartStepDefinition.validateStatus(CartStepDefinition.java:91)
at ✽.I validate carts status "400"(file:///C:/Users/ADMIN/git/Dummy_Json_data/src/test/resources/features/Cart.feature:70)
]]>
    </failure>
  </testcase> <!-- runScenario -->
  <testcase classname="Runner.TestRunner" name="runScenario" time="0.314"/>
  <testcase classname="Runner.TestRunner" name="runScenario" time="0.377"/>
  <testcase classname="Runner.TestRunner" name="runScenario" time="0.559">
    <failure message="expected [404] but found [200]" type="java.lang.AssertionError">
      <![CDATA[java.lang.AssertionError: expected [404] but found [200]
at org.testng.Assert.fail(Assert.java:111)
at org.testng.Assert.failNotEquals(Assert.java:1578)
at org.testng.Assert.assertEqualsImpl(Assert.java:150)
at org.testng.Assert.assertEquals(Assert.java:132)
at org.testng.Assert.assertEquals(Assert.java:1419)
at org.testng.Assert.assertEquals(Assert.java:1383)
at org.testng.Assert.assertEquals(Assert.java:1429)
at stepdefinitions.CartStepDefinition.validateStatus(CartStepDefinition.java:91)
at ✽.I validate carts status "404"(file:///C:/Users/ADMIN/git/Dummy_Json_data/src/test/resources/features/Cart.feature:28)
]]>
    </failure>
  </testcase> <!-- runScenario -->
  <testcase classname="Runner.TestRunner" name="runScenario" time="0.322"/>
  <testcase classname="Runner.TestRunner" name="runScenario" time="0.315"/>
  <testcase classname="Runner.TestRunner" name="runScenario" time="0.332"/>
  <testcase classname="Runner.TestRunner" name="runScenario" time="0.356"/>
  <testcase classname="Runner.TestRunner" name="runScenario" time="0.336"/>
  <testcase classname="Runner.TestRunner" name="runScenario" time="0.799"/>
</testsuite> <!-- Runner.TestRunner -->
