<?xml version="1.0" encoding="UTF-8"?>
<!-- Generated by org.testng.reporters.JUnitReportReporter -->
<testsuite hostname="PRIYADHARSHINI" failures="3" tests="15" name="Runner.TestRunner" time="9.636" errors="0" timestamp="2026-04-28T11:35:12 IST" skipped="0">
  <testcase classname="Runner.TestRunner" name="runScenario" time="0.346"/>
  <testcase classname="Runner.TestRunner" name="runScenario" time="2.670"/>
  <testcase classname="Runner.TestRunner" name="runScenario" time="1.053">
    <failure message="expected [400] but found [201]" type="java.lang.AssertionError">
      <![CDATA[java.lang.AssertionError: expected [400] but found [201]
at org.testng.Assert.fail(Assert.java:111)
at org.testng.Assert.failNotEquals(Assert.java:1578)
at org.testng.Assert.assertEqualsImpl(Assert.java:150)
at org.testng.Assert.assertEquals(Assert.java:132)
at org.testng.Assert.assertEquals(Assert.java:1419)
at org.testng.Assert.assertEquals(Assert.java:1383)
at org.testng.Assert.assertEquals(Assert.java:1429)
at stepdefinitions.ProductStepDefinition.validateProductsResult(ProductStepDefinition.java:59)
at ✽.I validate products expected result(file:///C:/Users/priya/git/Dummy_Json_data/src/test/resources/features/Product.feature:11)
]]>
    </failure>
  </testcase> <!-- runScenario -->
  <testcase classname="Runner.TestRunner" name="runScenario" time="0.184"/>
  <testcase classname="Runner.TestRunner" name="runScenario" time="0.322"/>
  <testcase classname="Runner.TestRunner" name="runScenario" time="0.333"/>
  <testcase classname="Runner.TestRunner" name="runScenario" time="0.347">
    <failure message="expected [400] but found [200]" type="java.lang.AssertionError">
      <![CDATA[java.lang.AssertionError: expected [400] but found [200]
at org.testng.Assert.fail(Assert.java:111)
at org.testng.Assert.failNotEquals(Assert.java:1578)
at org.testng.Assert.assertEqualsImpl(Assert.java:150)
at org.testng.Assert.assertEquals(Assert.java:132)
at org.testng.Assert.assertEquals(Assert.java:1419)
at org.testng.Assert.assertEquals(Assert.java:1383)
at org.testng.Assert.assertEquals(Assert.java:1429)
at stepdefinitions.ProductStepDefinition.validateProductsStatus(ProductStepDefinition.java:83)
at ✽.I validate products status "400"(file:///C:/Users/priya/git/Dummy_Json_data/src/test/resources/features/Product.feature:71)
]]>
    </failure>
  </testcase> <!-- runScenario -->
  <testcase classname="Runner.TestRunner" name="runScenario" time="2.058"/>
  <testcase classname="Runner.TestRunner" name="runScenario" time="0.370"/>
  <testcase classname="Runner.TestRunner" name="runScenario" time="0.391"/>
  <testcase classname="Runner.TestRunner" name="runScenario" time="0.394">
    <failure message="expected [400] but found [201]" type="java.lang.AssertionError">
      <![CDATA[java.lang.AssertionError: expected [400] but found [201]
at org.testng.Assert.fail(Assert.java:111)
at org.testng.Assert.failNotEquals(Assert.java:1578)
at org.testng.Assert.assertEqualsImpl(Assert.java:150)
at org.testng.Assert.assertEquals(Assert.java:132)
at org.testng.Assert.assertEquals(Assert.java:1419)
at org.testng.Assert.assertEquals(Assert.java:1383)
at org.testng.Assert.assertEquals(Assert.java:1429)
at stepdefinitions.ProductStepDefinition.validateProductsResult(ProductStepDefinition.java:59)
at ✽.I validate products expected result(file:///C:/Users/priya/git/Dummy_Json_data/src/test/resources/features/Product.feature:11)
]]>
    </failure>
  </testcase> <!-- runScenario -->
  <testcase classname="Runner.TestRunner" name="runScenario" time="0.340"/>
  <testcase classname="Runner.TestRunner" name="runScenario" time="0.178"/>
  <testcase classname="Runner.TestRunner" name="runScenario" time="0.328"/>
  <testcase classname="Runner.TestRunner" name="runScenario" time="0.322"/>
</testsuite> <!-- Runner.TestRunner -->
